0 info it worked if it ends with ok
1 verbose cli [ 'C:\\Program Files\\nodejs\\node.exe',
1 verbose cli   'C:\\Program Files\\nodejs\\node_modules\\npm\\bin\\npm-cli.js',
1 verbose cli   'install',
1 verbose cli   'mhash' ]
2 info using npm@3.6.0
3 info using node@v5.7.0
4 silly loadCurrentTree Starting
5 silly install loadCurrentTree
6 silly install readLocalPackageData
7 silly fetchPackageMetaData mhash@*
8 silly fetchNamedPackageData mhash
9 silly mapToRegistry name mhash
10 silly mapToRegistry using default registry
11 silly mapToRegistry registry https://registry.npmjs.org/
12 silly mapToRegistry uri https://registry.npmjs.org/mhash
13 verbose request uri https://registry.npmjs.org/mhash
14 verbose request no auth needed
15 info attempt registry request try #1 at 22:14:03
16 verbose request id 0348cdca307f5293
17 verbose etag "G9AZRMFOCOKSB2T0K3OOFFNH"
18 http request GET https://registry.npmjs.org/mhash
19 http 304 https://registry.npmjs.org/mhash
20 verbose headers { date: 'Sun, 12 Jun 2016 01:14:02 GMT',
20 verbose headers   via: '1.1 varnish',
20 verbose headers   'cache-control': 'max-age=300',
20 verbose headers   etag: '"G9AZRMFOCOKSB2T0K3OOFFNH"',
20 verbose headers   age: '0',
20 verbose headers   connection: 'keep-alive',
20 verbose headers   'x-served-by': 'cache-atl6229-ATL',
20 verbose headers   'x-cache': 'MISS',
20 verbose headers   'x-cache-hits': '0',
20 verbose headers   'x-timer': 'S1465694042.605152,VS0,VE368',
20 verbose headers   vary: 'Accept-Encoding' }
21 silly get cb [ 304,
21 silly get   { date: 'Sun, 12 Jun 2016 01:14:02 GMT',
21 silly get     via: '1.1 varnish',
21 silly get     'cache-control': 'max-age=300',
21 silly get     etag: '"G9AZRMFOCOKSB2T0K3OOFFNH"',
21 silly get     age: '0',
21 silly get     connection: 'keep-alive',
21 silly get     'x-served-by': 'cache-atl6229-ATL',
21 silly get     'x-cache': 'MISS',
21 silly get     'x-cache-hits': '0',
21 silly get     'x-timer': 'S1465694042.605152,VS0,VE368',
21 silly get     vary: 'Accept-Encoding' } ]
22 verbose etag https://registry.npmjs.org/mhash from cache
23 verbose get saving mhash to C:\Users\gui_u\AppData\Roaming\npm-cache\registry.npmjs.org\mhash\.cache.json
24 verbose correctMkdir C:\Users\gui_u\AppData\Roaming\npm-cache correctMkdir not in flight; initializing
25 silly install normalizeTree
26 silly loadCurrentTree Finishing
27 silly loadIdealTree Starting
28 silly install loadIdealTree
29 silly cloneCurrentTree Starting
30 silly install cloneCurrentTreeToIdealTree
31 silly cloneCurrentTree Finishing
32 silly loadShrinkwrap Starting
33 silly install loadShrinkwrap
34 silly loadShrinkwrap Finishing
35 silly loadAllDepsIntoIdealTree Starting
36 silly install loadAllDepsIntoIdealTree
37 silly resolveWithNewModule mhash@2.1.4 checking installable status
38 silly cache add args [ 'mhash@*', null ]
39 verbose cache add spec mhash@*
40 silly cache add parsed spec Result {
40 silly cache add   raw: 'mhash@*',
40 silly cache add   scope: null,
40 silly cache add   name: 'mhash',
40 silly cache add   rawSpec: '*',
40 silly cache add   spec: '*',
40 silly cache add   type: 'range' }
41 silly addNamed mhash@*
42 verbose addNamed "*" is a valid semver range for mhash
43 silly addNameRange { name: 'mhash', range: '*', hasData: false }
44 silly mapToRegistry name mhash
45 silly mapToRegistry using default registry
46 silly mapToRegistry registry https://registry.npmjs.org/
47 silly mapToRegistry uri https://registry.npmjs.org/mhash
48 verbose addNameRange registry:https://registry.npmjs.org/mhash not in flight; fetching
49 verbose get https://registry.npmjs.org/mhash not expired, no request
50 silly addNameRange number 2 { name: 'mhash', range: '*', hasData: true }
51 silly addNameRange versions [ 'mhash',
51 silly addNameRange   [ '0.1.0',
51 silly addNameRange     '0.1.1',
51 silly addNameRange     '0.1.2',
51 silly addNameRange     '0.1.3',
51 silly addNameRange     '0.1.4',
51 silly addNameRange     '0.1.5',
51 silly addNameRange     '0.1.6',
51 silly addNameRange     '0.1.7',
51 silly addNameRange     '0.1.8',
51 silly addNameRange     '0.1.9',
51 silly addNameRange     '0.1.10',
51 silly addNameRange     '0.1.11',
51 silly addNameRange     '0.1.12',
51 silly addNameRange     '0.1.13',
51 silly addNameRange     '1.0.0',
51 silly addNameRange     '1.1.0',
51 silly addNameRange     '2.0.0',
51 silly addNameRange     '2.0.2',
51 silly addNameRange     '2.1.0',
51 silly addNameRange     '2.1.1',
51 silly addNameRange     '2.1.2',
51 silly addNameRange     '2.1.3',
51 silly addNameRange     '2.1.4' ] ]
52 silly addNamed mhash@2.1.4
53 verbose addNamed "2.1.4" is a plain semver version for mhash
54 silly cache afterAdd mhash@2.1.4
55 verbose afterAdd C:\Users\gui_u\AppData\Roaming\npm-cache\mhash\2.1.4\package\package.json not in flight; writing
56 verbose correctMkdir C:\Users\gui_u\AppData\Roaming\npm-cache correctMkdir not in flight; initializing
57 verbose afterAdd C:\Users\gui_u\AppData\Roaming\npm-cache\mhash\2.1.4\package\package.json written
58 silly fetchNamedPackageData bindings
59 silly mapToRegistry name bindings
60 silly mapToRegistry using default registry
61 silly mapToRegistry registry https://registry.npmjs.org/
62 silly mapToRegistry uri https://registry.npmjs.org/bindings
63 silly fetchNamedPackageData nan
64 silly mapToRegistry name nan
65 silly mapToRegistry using default registry
66 silly mapToRegistry registry https://registry.npmjs.org/
67 silly mapToRegistry uri https://registry.npmjs.org/nan
68 verbose request uri https://registry.npmjs.org/bindings
69 verbose request no auth needed
70 info attempt registry request try #1 at 22:14:05
71 verbose etag "33TX4J3DNTGF7K41ZUV6OA182"
72 http request GET https://registry.npmjs.org/bindings
73 verbose request uri https://registry.npmjs.org/nan
74 verbose request no auth needed
75 info attempt registry request try #1 at 22:14:05
76 verbose etag "12RFHNMU7CS3WJ1892HQLM0NB"
77 http request GET https://registry.npmjs.org/nan
78 http 304 https://registry.npmjs.org/nan
79 verbose headers { date: 'Sun, 12 Jun 2016 01:14:03 GMT',
79 verbose headers   via: '1.1 varnish',
79 verbose headers   'cache-control': 'max-age=300',
79 verbose headers   etag: '"12RFHNMU7CS3WJ1892HQLM0NB"',
79 verbose headers   age: '232',
79 verbose headers   connection: 'keep-alive',
79 verbose headers   'x-served-by': 'cache-iad2123-IAD',
79 verbose headers   'x-cache': 'HIT',
79 verbose headers   'x-cache-hits': '3',
79 verbose headers   'x-timer': 'S1465694043.870690,VS0,VE0',
79 verbose headers   vary: 'Accept-Encoding' }
80 silly get cb [ 304,
80 silly get   { date: 'Sun, 12 Jun 2016 01:14:03 GMT',
80 silly get     via: '1.1 varnish',
80 silly get     'cache-control': 'max-age=300',
80 silly get     etag: '"12RFHNMU7CS3WJ1892HQLM0NB"',
80 silly get     age: '232',
80 silly get     connection: 'keep-alive',
80 silly get     'x-served-by': 'cache-iad2123-IAD',
80 silly get     'x-cache': 'HIT',
80 silly get     'x-cache-hits': '3',
80 silly get     'x-timer': 'S1465694043.870690,VS0,VE0',
80 silly get     vary: 'Accept-Encoding' } ]
81 verbose etag https://registry.npmjs.org/nan from cache
82 verbose get saving nan to C:\Users\gui_u\AppData\Roaming\npm-cache\registry.npmjs.org\nan\.cache.json
83 verbose correctMkdir C:\Users\gui_u\AppData\Roaming\npm-cache correctMkdir not in flight; initializing
84 http 304 https://registry.npmjs.org/bindings
85 verbose headers { date: 'Sun, 12 Jun 2016 01:14:03 GMT',
85 verbose headers   via: '1.1 varnish',
85 verbose headers   'cache-control': 'max-age=300',
85 verbose headers   etag: '"33TX4J3DNTGF7K41ZUV6OA182"',
85 verbose headers   age: '51',
85 verbose headers   connection: 'keep-alive',
85 verbose headers   'x-served-by': 'cache-iad2120-IAD',
85 verbose headers   'x-cache': 'HIT',
85 verbose headers   'x-cache-hits': '1',
85 verbose headers   'x-timer': 'S1465694043.870240,VS0,VE0',
85 verbose headers   vary: 'Accept-Encoding' }
86 silly get cb [ 304,
86 silly get   { date: 'Sun, 12 Jun 2016 01:14:03 GMT',
86 silly get     via: '1.1 varnish',
86 silly get     'cache-control': 'max-age=300',
86 silly get     etag: '"33TX4J3DNTGF7K41ZUV6OA182"',
86 silly get     age: '51',
86 silly get     connection: 'keep-alive',
86 silly get     'x-served-by': 'cache-iad2120-IAD',
86 silly get     'x-cache': 'HIT',
86 silly get     'x-cache-hits': '1',
86 silly get     'x-timer': 'S1465694043.870240,VS0,VE0',
86 silly get     vary: 'Accept-Encoding' } ]
87 verbose etag https://registry.npmjs.org/bindings from cache
88 verbose get saving bindings to C:\Users\gui_u\AppData\Roaming\npm-cache\registry.npmjs.org\bindings\.cache.json
89 verbose correctMkdir C:\Users\gui_u\AppData\Roaming\npm-cache correctMkdir not in flight; initializing
90 silly resolveWithNewModule nan@2.3.5 checking installable status
91 silly cache add args [ 'nan@^2.3.5', null ]
92 verbose cache add spec nan@^2.3.5
93 silly cache add parsed spec Result {
93 silly cache add   raw: 'nan@^2.3.5',
93 silly cache add   scope: null,
93 silly cache add   name: 'nan',
93 silly cache add   rawSpec: '^2.3.5',
93 silly cache add   spec: '>=2.3.5 <3.0.0',
93 silly cache add   type: 'range' }
94 silly addNamed nan@>=2.3.5 <3.0.0
95 verbose addNamed ">=2.3.5 <3.0.0" is a valid semver range for nan
96 silly addNameRange { name: 'nan', range: '>=2.3.5 <3.0.0', hasData: false }
97 silly mapToRegistry name nan
98 silly mapToRegistry using default registry
99 silly mapToRegistry registry https://registry.npmjs.org/
100 silly mapToRegistry uri https://registry.npmjs.org/nan
101 verbose addNameRange registry:https://registry.npmjs.org/nan not in flight; fetching
102 silly resolveWithNewModule bindings@1.2.1 checking installable status
103 silly cache add args [ 'bindings@~1.2.1', null ]
104 verbose cache add spec bindings@~1.2.1
105 silly cache add parsed spec Result {
105 silly cache add   raw: 'bindings@~1.2.1',
105 silly cache add   scope: null,
105 silly cache add   name: 'bindings',
105 silly cache add   rawSpec: '~1.2.1',
105 silly cache add   spec: '>=1.2.1 <1.3.0',
105 silly cache add   type: 'range' }
106 silly addNamed bindings@>=1.2.1 <1.3.0
107 verbose addNamed ">=1.2.1 <1.3.0" is a valid semver range for bindings
108 silly addNameRange { name: 'bindings', range: '>=1.2.1 <1.3.0', hasData: false }
109 silly mapToRegistry name bindings
110 silly mapToRegistry using default registry
111 silly mapToRegistry registry https://registry.npmjs.org/
112 silly mapToRegistry uri https://registry.npmjs.org/bindings
113 verbose addNameRange registry:https://registry.npmjs.org/bindings not in flight; fetching
114 verbose get https://registry.npmjs.org/nan not expired, no request
115 silly addNameRange number 2 { name: 'nan', range: '>=2.3.5 <3.0.0', hasData: true }
116 silly addNameRange versions [ 'nan',
116 silly addNameRange   [ '0.3.0-wip',
116 silly addNameRange     '0.3.0-wip2',
116 silly addNameRange     '0.3.0',
116 silly addNameRange     '0.3.1',
116 silly addNameRange     '0.3.2',
116 silly addNameRange     '0.4.0',
116 silly addNameRange     '0.4.1',
116 silly addNameRange     '0.4.2',
116 silly addNameRange     '0.4.3',
116 silly addNameRange     '0.4.4',
116 silly addNameRange     '0.5.0',
116 silly addNameRange     '0.5.1',
116 silly addNameRange     '0.5.2',
116 silly addNameRange     '0.6.0',
116 silly addNameRange     '0.7.0',
116 silly addNameRange     '0.7.1',
116 silly addNameRange     '0.8.0',
116 silly addNameRange     '1.0.0',
116 silly addNameRange     '1.1.0',
116 silly addNameRange     '1.1.1',
116 silly addNameRange     '1.1.2',
116 silly addNameRange     '1.2.0',
116 silly addNameRange     '1.3.0',
116 silly addNameRange     '1.4.0',
116 silly addNameRange     '1.4.1',
116 silly addNameRange     '1.5.0',
116 silly addNameRange     '1.4.2',
116 silly addNameRange     '1.4.3',
116 silly addNameRange     '1.5.1',
116 silly addNameRange     '1.5.2',
116 silly addNameRange     '1.6.0',
116 silly addNameRange     '1.5.3',
116 silly addNameRange     '1.6.1',
116 silly addNameRange     '1.6.2',
116 silly addNameRange     '1.7.0',
116 silly addNameRange     '1.8.0',
116 silly addNameRange     '1.8.1',
116 silly addNameRange     '1.8.2',
116 silly addNameRange     '1.8.3',
116 silly addNameRange     '1.8.4',
116 silly addNameRange     '1.9.0',
116 silly addNameRange     '2.0.0',
116 silly addNameRange     '2.0.1',
116 silly addNameRange     '2.0.2',
116 silly addNameRange     '2.0.3',
116 silly addNameRange     '2.0.4',
116 silly addNameRange     '2.0.5',
116 silly addNameRange     '2.0.6',
116 silly addNameRange     '2.0.7',
116 silly addNameRange     '2.0.8',
116 silly addNameRange     '2.0.9',
116 silly addNameRange     '2.1.0',
116 silly addNameRange     '2.2.0',
116 silly addNameRange     '2.2.1',
116 silly addNameRange     '2.3.0',
116 silly addNameRange     '2.3.1',
116 silly addNameRange     '2.3.2',
116 silly addNameRange     '2.3.3',
116 silly addNameRange     '2.3.4',
116 silly addNameRange     '2.3.5' ] ]
117 silly addNamed nan@2.3.5
118 verbose addNamed "2.3.5" is a plain semver version for nan
119 verbose get https://registry.npmjs.org/bindings not expired, no request
120 silly addNameRange number 2 { name: 'bindings', range: '>=1.2.1 <1.3.0', hasData: true }
121 silly addNameRange versions [ 'bindings',
121 silly addNameRange   [ '0.0.1',
121 silly addNameRange     '0.1.0',
121 silly addNameRange     '0.1.1',
121 silly addNameRange     '0.2.0',
121 silly addNameRange     '0.2.1',
121 silly addNameRange     '0.2.2',
121 silly addNameRange     '0.2.3',
121 silly addNameRange     '0.2.4',
121 silly addNameRange     '0.3.0',
121 silly addNameRange     '0.4.0',
121 silly addNameRange     '1.0.0',
121 silly addNameRange     '1.1.0',
121 silly addNameRange     '1.1.1',
121 silly addNameRange     '1.2.0',
121 silly addNameRange     '1.2.1' ] ]
122 silly addNamed bindings@1.2.1
123 verbose addNamed "1.2.1" is a plain semver version for bindings
124 silly cache afterAdd nan@2.3.5
125 verbose afterAdd C:\Users\gui_u\AppData\Roaming\npm-cache\nan\2.3.5\package\package.json not in flight; writing
126 verbose correctMkdir C:\Users\gui_u\AppData\Roaming\npm-cache correctMkdir not in flight; initializing
127 silly cache afterAdd bindings@1.2.1
128 verbose afterAdd C:\Users\gui_u\AppData\Roaming\npm-cache\bindings\1.2.1\package\package.json not in flight; writing
129 verbose correctMkdir C:\Users\gui_u\AppData\Roaming\npm-cache correctMkdir not in flight; initializing
130 verbose afterAdd C:\Users\gui_u\AppData\Roaming\npm-cache\nan\2.3.5\package\package.json written
131 verbose afterAdd C:\Users\gui_u\AppData\Roaming\npm-cache\bindings\1.2.1\package\package.json written
132 silly loadAllDepsIntoIdealTree Finishing
133 silly idealTree:prePrune Una-Inopus@2.0.0
133 silly idealTree:prePrune +-- accepts@1.2.13
133 silly idealTree:prePrune +-- addressparser@1.0.1
133 silly idealTree:prePrune +-- after@0.8.1
133 silly idealTree:prePrune +-- array-flatten@1.1.1
133 silly idealTree:prePrune +-- arraybuffer.slice@0.0.6
133 silly idealTree:prePrune +-- backo2@1.0.2
133 silly idealTree:prePrune +-- base64-arraybuffer@0.1.2
133 silly idealTree:prePrune +-- base64id@0.1.0
133 silly idealTree:prePrune +-- benchmark@1.0.0
133 silly idealTree:prePrune +-- better-assert@1.0.2
133 silly idealTree:prePrune +-- bindings@1.2.1
133 silly idealTree:prePrune +-- blob@0.0.4
133 silly idealTree:prePrune +-- body-parser@1.15.1
133 silly idealTree:prePrune | +-- http-errors@1.4.0
133 silly idealTree:prePrune | `-- qs@6.1.0
133 silly idealTree:prePrune +-- bson@0.4.23
133 silly idealTree:prePrune +-- buildmail@3.7.0
133 silly idealTree:prePrune +-- bytes@2.3.0
133 silly idealTree:prePrune +-- callsite@1.0.0
133 silly idealTree:prePrune +-- component-bind@1.0.0
133 silly idealTree:prePrune +-- component-emitter@1.1.2
133 silly idealTree:prePrune +-- component-inherit@0.0.3
133 silly idealTree:prePrune +-- content-disposition@0.5.1
133 silly idealTree:prePrune +-- content-type@1.0.2
133 silly idealTree:prePrune +-- cookie-signature@1.0.6
133 silly idealTree:prePrune +-- cookie@0.1.5
133 silly idealTree:prePrune +-- core-util-is@1.0.2
133 silly idealTree:prePrune +-- debug@2.2.0
133 silly idealTree:prePrune +-- depd@1.1.0
133 silly idealTree:prePrune +-- destroy@1.0.4
133 silly idealTree:prePrune +-- ee-first@1.1.1
133 silly idealTree:prePrune +-- engine.io-client@1.6.9
133 silly idealTree:prePrune +-- engine.io-parser@1.2.4
133 silly idealTree:prePrune | `-- has-binary@0.1.6
133 silly idealTree:prePrune +-- engine.io@1.6.9
133 silly idealTree:prePrune | +-- accepts@1.1.4
133 silly idealTree:prePrune | +-- mime-db@1.12.0
133 silly idealTree:prePrune | +-- mime-types@2.0.14
133 silly idealTree:prePrune | `-- negotiator@0.4.9
133 silly idealTree:prePrune +-- es6-promise@3.0.2
133 silly idealTree:prePrune +-- escape-html@1.0.3
133 silly idealTree:prePrune +-- etag@1.7.0
133 silly idealTree:prePrune +-- express@4.13.4
133 silly idealTree:prePrune +-- finalhandler@0.4.1
133 silly idealTree:prePrune +-- forwarded@0.1.0
133 silly idealTree:prePrune +-- fresh@0.3.0
133 silly idealTree:prePrune +-- has-binary@0.1.7
133 silly idealTree:prePrune +-- has-cors@1.1.0
133 silly idealTree:prePrune +-- http-errors@1.3.1
133 silly idealTree:prePrune +-- httpntlm@1.6.1
133 silly idealTree:prePrune +-- httpreq@0.4.22
133 silly idealTree:prePrune +-- iconv-lite@0.4.13
133 silly idealTree:prePrune +-- indexof@0.0.1
133 silly idealTree:prePrune +-- inherits@2.0.1
133 silly idealTree:prePrune +-- ip@1.1.3
133 silly idealTree:prePrune +-- ipaddr.js@1.0.5
133 silly idealTree:prePrune +-- isarray@0.0.1
133 silly idealTree:prePrune +-- json3@3.2.6
133 silly idealTree:prePrune +-- libbase64@0.1.0
133 silly idealTree:prePrune +-- libmime@2.0.3
133 silly idealTree:prePrune +-- libqp@1.1.0
133 silly idealTree:prePrune +-- mailcomposer@3.9.0
133 silly idealTree:prePrune +-- media-typer@0.3.0
133 silly idealTree:prePrune +-- merge-descriptors@1.0.1
133 silly idealTree:prePrune +-- methods@1.1.2
133 silly idealTree:prePrune +-- mhash@2.1.4
133 silly idealTree:prePrune +-- mime-db@1.23.0
133 silly idealTree:prePrune +-- mime-types@2.1.11
133 silly idealTree:prePrune +-- mime@1.3.4
133 silly idealTree:prePrune +-- mongodb-core@1.3.18
133 silly idealTree:prePrune +-- mongodb@2.1.18
133 silly idealTree:prePrune +-- ms@0.7.1
133 silly idealTree:prePrune +-- nan@2.3.5
133 silly idealTree:prePrune +-- negotiator@0.5.3
133 silly idealTree:prePrune +-- node-uuid@1.4.7
133 silly idealTree:prePrune +-- nodemailer-direct-transport@3.1.0
133 silly idealTree:prePrune +-- nodemailer-fetch@1.4.0
133 silly idealTree:prePrune +-- nodemailer-shared@1.0.5
133 silly idealTree:prePrune +-- nodemailer-smtp-pool@2.6.0
133 silly idealTree:prePrune +-- nodemailer-smtp-transport@2.5.0
133 silly idealTree:prePrune +-- nodemailer-wellknown@0.1.9
133 silly idealTree:prePrune +-- nodemailer@2.4.2
133 silly idealTree:prePrune +-- object-component@0.0.3
133 silly idealTree:prePrune +-- on-finished@2.3.0
133 silly idealTree:prePrune +-- options@0.0.6
133 silly idealTree:prePrune +-- parsejson@0.0.1
133 silly idealTree:prePrune +-- parseqs@0.0.2
133 silly idealTree:prePrune +-- parseuri@0.0.4
133 silly idealTree:prePrune +-- parseurl@1.3.1
133 silly idealTree:prePrune +-- path-to-regexp@0.1.7
133 silly idealTree:prePrune +-- proxy-addr@1.0.10
133 silly idealTree:prePrune +-- qs@4.0.0
133 silly idealTree:prePrune +-- range-parser@1.0.3
133 silly idealTree:prePrune +-- raw-body@2.1.6
133 silly idealTree:prePrune +-- readable-stream@1.0.31
133 silly idealTree:prePrune +-- require_optional@1.0.0
133 silly idealTree:prePrune +-- resolve-from@2.0.0
133 silly idealTree:prePrune +-- semver@5.1.0
133 silly idealTree:prePrune +-- send@0.13.1
133 silly idealTree:prePrune +-- serve-static@1.10.3
133 silly idealTree:prePrune | `-- send@0.13.2
133 silly idealTree:prePrune +-- smart-buffer@1.0.11
133 silly idealTree:prePrune +-- smtp-connection@2.5.0
133 silly idealTree:prePrune +-- socket.io-adapter@0.4.0
133 silly idealTree:prePrune | `-- socket.io-parser@2.2.2
133 silly idealTree:prePrune |   `-- debug@0.7.4
133 silly idealTree:prePrune +-- socket.io-client@1.4.6
133 silly idealTree:prePrune | `-- component-emitter@1.2.0
133 silly idealTree:prePrune +-- socket.io-parser@2.2.6
133 silly idealTree:prePrune | `-- json3@3.3.2
133 silly idealTree:prePrune +-- socket.io@1.4.6
133 silly idealTree:prePrune +-- socks@1.1.9
133 silly idealTree:prePrune +-- statuses@1.2.1
133 silly idealTree:prePrune +-- string_decoder@0.10.31
133 silly idealTree:prePrune +-- to-array@0.1.4
133 silly idealTree:prePrune +-- type-is@1.6.13
133 silly idealTree:prePrune +-- ultron@1.0.2
133 silly idealTree:prePrune +-- underscore@1.7.0
133 silly idealTree:prePrune +-- unpipe@1.0.0
133 silly idealTree:prePrune +-- utf8@2.1.0
133 silly idealTree:prePrune +-- utils-merge@1.0.0
133 silly idealTree:prePrune +-- vary@1.0.1
133 silly idealTree:prePrune +-- ws@1.0.1
133 silly idealTree:prePrune +-- xmlhttprequest-ssl@1.5.1
133 silly idealTree:prePrune `-- yeast@0.1.2
134 silly loadIdealTree Finishing
135 silly currentTree Una-Inopus@2.0.0
135 silly currentTree +-- accepts@1.2.13
135 silly currentTree +-- addressparser@1.0.1
135 silly currentTree +-- after@0.8.1
135 silly currentTree +-- array-flatten@1.1.1
135 silly currentTree +-- arraybuffer.slice@0.0.6
135 silly currentTree +-- backo2@1.0.2
135 silly currentTree +-- base64-arraybuffer@0.1.2
135 silly currentTree +-- base64id@0.1.0
135 silly currentTree +-- benchmark@1.0.0
135 silly currentTree +-- better-assert@1.0.2
135 silly currentTree +-- blob@0.0.4
135 silly currentTree +-- body-parser@1.15.1
135 silly currentTree | +-- http-errors@1.4.0
135 silly currentTree | `-- qs@6.1.0
135 silly currentTree +-- bson@0.4.23
135 silly currentTree +-- buildmail@3.7.0
135 silly currentTree +-- bytes@2.3.0
135 silly currentTree +-- callsite@1.0.0
135 silly currentTree +-- component-bind@1.0.0
135 silly currentTree +-- component-emitter@1.1.2
135 silly currentTree +-- component-inherit@0.0.3
135 silly currentTree +-- content-disposition@0.5.1
135 silly currentTree +-- content-type@1.0.2
135 silly currentTree +-- cookie-signature@1.0.6
135 silly currentTree +-- cookie@0.1.5
135 silly currentTree +-- core-util-is@1.0.2
135 silly currentTree +-- debug@2.2.0
135 silly currentTree +-- depd@1.1.0
135 silly currentTree +-- destroy@1.0.4
135 silly currentTree +-- ee-first@1.1.1
135 silly currentTree +-- engine.io-client@1.6.9
135 silly currentTree +-- engine.io-parser@1.2.4
135 silly currentTree | `-- has-binary@0.1.6
135 silly currentTree +-- engine.io@1.6.9
135 silly currentTree | +-- accepts@1.1.4
135 silly currentTree | +-- mime-db@1.12.0
135 silly currentTree | +-- mime-types@2.0.14
135 silly currentTree | `-- negotiator@0.4.9
135 silly currentTree +-- es6-promise@3.0.2
135 silly currentTree +-- escape-html@1.0.3
135 silly currentTree +-- etag@1.7.0
135 silly currentTree +-- express@4.13.4
135 silly currentTree +-- finalhandler@0.4.1
135 silly currentTree +-- forwarded@0.1.0
135 silly currentTree +-- fresh@0.3.0
135 silly currentTree +-- has-binary@0.1.7
135 silly currentTree +-- has-cors@1.1.0
135 silly currentTree +-- http-errors@1.3.1
135 silly currentTree +-- httpntlm@1.6.1
135 silly currentTree +-- httpreq@0.4.22
135 silly currentTree +-- iconv-lite@0.4.13
135 silly currentTree +-- indexof@0.0.1
135 silly currentTree +-- inherits@2.0.1
135 silly currentTree +-- ip@1.1.3
135 silly currentTree +-- ipaddr.js@1.0.5
135 silly currentTree +-- isarray@0.0.1
135 silly currentTree +-- json3@3.2.6
135 silly currentTree +-- libbase64@0.1.0
135 silly currentTree +-- libmime@2.0.3
135 silly currentTree +-- libqp@1.1.0
135 silly currentTree +-- mailcomposer@3.9.0
135 silly currentTree +-- media-typer@0.3.0
135 silly currentTree +-- merge-descriptors@1.0.1
135 silly currentTree +-- methods@1.1.2
135 silly currentTree +-- mime-db@1.23.0
135 silly currentTree +-- mime-types@2.1.11
135 silly currentTree +-- mime@1.3.4
135 silly currentTree +-- mongodb-core@1.3.18
135 silly currentTree +-- mongodb@2.1.18
135 silly currentTree +-- ms@0.7.1
135 silly currentTree +-- negotiator@0.5.3
135 silly currentTree +-- node-uuid@1.4.7
135 silly currentTree +-- nodemailer-direct-transport@3.1.0
135 silly currentTree +-- nodemailer-fetch@1.4.0
135 silly currentTree +-- nodemailer-shared@1.0.5
135 silly currentTree +-- nodemailer-smtp-pool@2.6.0
135 silly currentTree +-- nodemailer-smtp-transport@2.5.0
135 silly currentTree +-- nodemailer-wellknown@0.1.9
135 silly currentTree +-- nodemailer@2.4.2
135 silly currentTree +-- object-component@0.0.3
135 silly currentTree +-- on-finished@2.3.0
135 silly currentTree +-- options@0.0.6
135 silly currentTree +-- parsejson@0.0.1
135 silly currentTree +-- parseqs@0.0.2
135 silly currentTree +-- parseuri@0.0.4
135 silly currentTree +-- parseurl@1.3.1
135 silly currentTree +-- path-to-regexp@0.1.7
135 silly currentTree +-- proxy-addr@1.0.10
135 silly currentTree +-- qs@4.0.0
135 silly currentTree +-- range-parser@1.0.3
135 silly currentTree +-- raw-body@2.1.6
135 silly currentTree +-- readable-stream@1.0.31
135 silly currentTree +-- require_optional@1.0.0
135 silly currentTree +-- resolve-from@2.0.0
135 silly currentTree +-- semver@5.1.0
135 silly currentTree +-- send@0.13.1
135 silly currentTree +-- serve-static@1.10.3
135 silly currentTree | `-- send@0.13.2
135 silly currentTree +-- smart-buffer@1.0.11
135 silly currentTree +-- smtp-connection@2.5.0
135 silly currentTree +-- socket.io-adapter@0.4.0
135 silly currentTree | `-- socket.io-parser@2.2.2
135 silly currentTree |   `-- debug@0.7.4
135 silly currentTree +-- socket.io-client@1.4.6
135 silly currentTree | `-- component-emitter@1.2.0
135 silly currentTree +-- socket.io-parser@2.2.6
135 silly currentTree | `-- json3@3.3.2
135 silly currentTree +-- socket.io@1.4.6
135 silly currentTree +-- socks@1.1.9
135 silly currentTree +-- statuses@1.2.1
135 silly currentTree +-- string_decoder@0.10.31
135 silly currentTree +-- to-array@0.1.4
135 silly currentTree +-- type-is@1.6.13
135 silly currentTree +-- ultron@1.0.2
135 silly currentTree +-- underscore@1.7.0
135 silly currentTree +-- unpipe@1.0.0
135 silly currentTree +-- utf8@2.1.0
135 silly currentTree +-- utils-merge@1.0.0
135 silly currentTree +-- vary@1.0.1
135 silly currentTree +-- ws@1.0.1
135 silly currentTree +-- xmlhttprequest-ssl@1.5.1
135 silly currentTree `-- yeast@0.1.2
136 silly idealTree Una-Inopus@2.0.0
136 silly idealTree +-- accepts@1.2.13
136 silly idealTree +-- addressparser@1.0.1
136 silly idealTree +-- after@0.8.1
136 silly idealTree +-- array-flatten@1.1.1
136 silly idealTree +-- arraybuffer.slice@0.0.6
136 silly idealTree +-- backo2@1.0.2
136 silly idealTree +-- base64-arraybuffer@0.1.2
136 silly idealTree +-- base64id@0.1.0
136 silly idealTree +-- benchmark@1.0.0
136 silly idealTree +-- better-assert@1.0.2
136 silly idealTree +-- bindings@1.2.1
136 silly idealTree +-- blob@0.0.4
136 silly idealTree +-- body-parser@1.15.1
136 silly idealTree | +-- http-errors@1.4.0
136 silly idealTree | `-- qs@6.1.0
136 silly idealTree +-- bson@0.4.23
136 silly idealTree +-- buildmail@3.7.0
136 silly idealTree +-- bytes@2.3.0
136 silly idealTree +-- callsite@1.0.0
136 silly idealTree +-- component-bind@1.0.0
136 silly idealTree +-- component-emitter@1.1.2
136 silly idealTree +-- component-inherit@0.0.3
136 silly idealTree +-- content-disposition@0.5.1
136 silly idealTree +-- content-type@1.0.2
136 silly idealTree +-- cookie-signature@1.0.6
136 silly idealTree +-- cookie@0.1.5
136 silly idealTree +-- core-util-is@1.0.2
136 silly idealTree +-- debug@2.2.0
136 silly idealTree +-- depd@1.1.0
136 silly idealTree +-- destroy@1.0.4
136 silly idealTree +-- ee-first@1.1.1
136 silly idealTree +-- engine.io-client@1.6.9
136 silly idealTree +-- engine.io-parser@1.2.4
136 silly idealTree | `-- has-binary@0.1.6
136 silly idealTree +-- engine.io@1.6.9
136 silly idealTree | +-- accepts@1.1.4
136 silly idealTree | +-- mime-db@1.12.0
136 silly idealTree | +-- mime-types@2.0.14
136 silly idealTree | `-- negotiator@0.4.9
136 silly idealTree +-- es6-promise@3.0.2
136 silly idealTree +-- escape-html@1.0.3
136 silly idealTree +-- etag@1.7.0
136 silly idealTree +-- express@4.13.4
136 silly idealTree +-- finalhandler@0.4.1
136 silly idealTree +-- forwarded@0.1.0
136 silly idealTree +-- fresh@0.3.0
136 silly idealTree +-- has-binary@0.1.7
136 silly idealTree +-- has-cors@1.1.0
136 silly idealTree +-- http-errors@1.3.1
136 silly idealTree +-- httpntlm@1.6.1
136 silly idealTree +-- httpreq@0.4.22
136 silly idealTree +-- iconv-lite@0.4.13
136 silly idealTree +-- indexof@0.0.1
136 silly idealTree +-- inherits@2.0.1
136 silly idealTree +-- ip@1.1.3
136 silly idealTree +-- ipaddr.js@1.0.5
136 silly idealTree +-- isarray@0.0.1
136 silly idealTree +-- json3@3.2.6
136 silly idealTree +-- libbase64@0.1.0
136 silly idealTree +-- libmime@2.0.3
136 silly idealTree +-- libqp@1.1.0
136 silly idealTree +-- mailcomposer@3.9.0
136 silly idealTree +-- media-typer@0.3.0
136 silly idealTree +-- merge-descriptors@1.0.1
136 silly idealTree +-- methods@1.1.2
136 silly idealTree +-- mhash@2.1.4
136 silly idealTree +-- mime-db@1.23.0
136 silly idealTree +-- mime-types@2.1.11
136 silly idealTree +-- mime@1.3.4
136 silly idealTree +-- mongodb-core@1.3.18
136 silly idealTree +-- mongodb@2.1.18
136 silly idealTree +-- ms@0.7.1
136 silly idealTree +-- nan@2.3.5
136 silly idealTree +-- negotiator@0.5.3
136 silly idealTree +-- node-uuid@1.4.7
136 silly idealTree +-- nodemailer-direct-transport@3.1.0
136 silly idealTree +-- nodemailer-fetch@1.4.0
136 silly idealTree +-- nodemailer-shared@1.0.5
136 silly idealTree +-- nodemailer-smtp-pool@2.6.0
136 silly idealTree +-- nodemailer-smtp-transport@2.5.0
136 silly idealTree +-- nodemailer-wellknown@0.1.9
136 silly idealTree +-- nodemailer@2.4.2
136 silly idealTree +-- object-component@0.0.3
136 silly idealTree +-- on-finished@2.3.0
136 silly idealTree +-- options@0.0.6
136 silly idealTree +-- parsejson@0.0.1
136 silly idealTree +-- parseqs@0.0.2
136 silly idealTree +-- parseuri@0.0.4
136 silly idealTree +-- parseurl@1.3.1
136 silly idealTree +-- path-to-regexp@0.1.7
136 silly idealTree +-- proxy-addr@1.0.10
136 silly idealTree +-- qs@4.0.0
136 silly idealTree +-- range-parser@1.0.3
136 silly idealTree +-- raw-body@2.1.6
136 silly idealTree +-- readable-stream@1.0.31
136 silly idealTree +-- require_optional@1.0.0
136 silly idealTree +-- resolve-from@2.0.0
136 silly idealTree +-- semver@5.1.0
136 silly idealTree +-- send@0.13.1
136 silly idealTree +-- serve-static@1.10.3
136 silly idealTree | `-- send@0.13.2
136 silly idealTree +-- smart-buffer@1.0.11
136 silly idealTree +-- smtp-connection@2.5.0
136 silly idealTree +-- socket.io-adapter@0.4.0
136 silly idealTree | `-- socket.io-parser@2.2.2
136 silly idealTree |   `-- debug@0.7.4
136 silly idealTree +-- socket.io-client@1.4.6
136 silly idealTree | `-- component-emitter@1.2.0
136 silly idealTree +-- socket.io-parser@2.2.6
136 silly idealTree | `-- json3@3.3.2
136 silly idealTree +-- socket.io@1.4.6
136 silly idealTree +-- socks@1.1.9
136 silly idealTree +-- statuses@1.2.1
136 silly idealTree +-- string_decoder@0.10.31
136 silly idealTree +-- to-array@0.1.4
136 silly idealTree +-- type-is@1.6.13
136 silly idealTree +-- ultron@1.0.2
136 silly idealTree +-- underscore@1.7.0
136 silly idealTree +-- unpipe@1.0.0
136 silly idealTree +-- utf8@2.1.0
136 silly idealTree +-- utils-merge@1.0.0
136 silly idealTree +-- vary@1.0.1
136 silly idealTree +-- ws@1.0.1
136 silly idealTree +-- xmlhttprequest-ssl@1.5.1
136 silly idealTree `-- yeast@0.1.2
137 silly generateActionsToTake Starting
138 silly install generateActionsToTake
139 silly generateActionsToTake Finishing
140 silly diffTrees action count 4
141 silly diffTrees add bindings@1.2.1
142 silly diffTrees add nan@2.3.5
143 silly diffTrees add mhash@2.1.4
144 silly diffTrees update mongodb@2.1.18
145 silly decomposeActions action count 32
146 silly decomposeActions fetch bindings@1.2.1
147 silly decomposeActions extract bindings@1.2.1
148 silly decomposeActions test bindings@1.2.1
149 silly decomposeActions preinstall bindings@1.2.1
150 silly decomposeActions build bindings@1.2.1
151 silly decomposeActions install bindings@1.2.1
152 silly decomposeActions postinstall bindings@1.2.1
153 silly decomposeActions finalize bindings@1.2.1
154 silly decomposeActions fetch nan@2.3.5
155 silly decomposeActions extract nan@2.3.5
156 silly decomposeActions test nan@2.3.5
157 silly decomposeActions preinstall nan@2.3.5
158 silly decomposeActions build nan@2.3.5
159 silly decomposeActions install nan@2.3.5
160 silly decomposeActions postinstall nan@2.3.5
161 silly decomposeActions finalize nan@2.3.5
162 silly decomposeActions fetch mhash@2.1.4
163 silly decomposeActions extract mhash@2.1.4
164 silly decomposeActions test mhash@2.1.4
165 silly decomposeActions preinstall mhash@2.1.4
166 silly decomposeActions build mhash@2.1.4
167 silly decomposeActions install mhash@2.1.4
168 silly decomposeActions postinstall mhash@2.1.4
169 silly decomposeActions finalize mhash@2.1.4
170 silly decomposeActions fetch mongodb@2.1.18
171 silly decomposeActions extract mongodb@2.1.18
172 silly decomposeActions test mongodb@2.1.18
173 silly decomposeActions preinstall mongodb@2.1.18
174 silly decomposeActions build mongodb@2.1.18
175 silly decomposeActions install mongodb@2.1.18
176 silly decomposeActions postinstall mongodb@2.1.18
177 silly decomposeActions finalize mongodb@2.1.18
178 silly executeActions Starting
179 silly install executeActions
180 silly doSerial global-install 0
181 silly doParallel fetch 4
182 verbose correctMkdir C:\Users\gui_u\AppData\Roaming\npm-cache\_locks correctMkdir not in flight; initializing
183 verbose lock using C:\Users\gui_u\AppData\Roaming\npm-cache\_locks\staging-88af8aeda1f68a9b.lock for C:\Users\gui_u\Desktop\Projetos\Una\Git_App\app\node_modules\.staging
184 silly doParallel extract 4
185 silly extract bindings@1.2.1
186 silly extract nan@2.3.5
187 silly extract mhash@2.1.4
188 silly extract mongodb@2.1.18
189 verbose unbuild node_modules\.staging\bindings-1ee99604
190 verbose unbuild node_modules\.staging\nan-2faca979
191 verbose unbuild node_modules\.staging\mhash-0a39a317
192 silly gentlyRm C:\Users\gui_u\Desktop\Projetos\Una\Git_App\app\node_modules\.staging\bindings-1ee99604 is being purged from base C:\Users\gui_u\Desktop\Projetos\Una\Git_App\app
193 verbose gentlyRm don't care about contents; nuking C:\Users\gui_u\Desktop\Projetos\Una\Git_App\app\node_modules\.staging\bindings-1ee99604
194 silly gentlyRm C:\Users\gui_u\Desktop\Projetos\Una\Git_App\app\node_modules\.staging\nan-2faca979 is being purged from base C:\Users\gui_u\Desktop\Projetos\Una\Git_App\app
195 verbose gentlyRm don't care about contents; nuking C:\Users\gui_u\Desktop\Projetos\Una\Git_App\app\node_modules\.staging\nan-2faca979
196 silly gentlyRm C:\Users\gui_u\Desktop\Projetos\Una\Git_App\app\node_modules\.staging\mhash-0a39a317 is being purged from base C:\Users\gui_u\Desktop\Projetos\Una\Git_App\app
197 verbose gentlyRm don't care about contents; nuking C:\Users\gui_u\Desktop\Projetos\Una\Git_App\app\node_modules\.staging\mhash-0a39a317
198 verbose unbuild node_modules\.staging\mongodb-32ceea48
199 verbose tar unpack C:\Users\gui_u\AppData\Roaming\npm-cache\bindings\1.2.1\package.tgz
200 verbose tar unpacking to C:\Users\gui_u\Desktop\Projetos\Una\Git_App\app\node_modules\.staging\bindings-1ee99604
201 silly gentlyRm C:\Users\gui_u\Desktop\Projetos\Una\Git_App\app\node_modules\.staging\bindings-1ee99604 is being purged
202 verbose gentlyRm don't care about contents; nuking C:\Users\gui_u\Desktop\Projetos\Una\Git_App\app\node_modules\.staging\bindings-1ee99604
203 verbose tar unpack C:\Users\gui_u\AppData\Roaming\npm-cache\nan\2.3.5\package.tgz
204 verbose tar unpacking to C:\Users\gui_u\Desktop\Projetos\Una\Git_App\app\node_modules\.staging\nan-2faca979
205 silly gentlyRm C:\Users\gui_u\Desktop\Projetos\Una\Git_App\app\node_modules\.staging\nan-2faca979 is being purged
206 verbose gentlyRm don't care about contents; nuking C:\Users\gui_u\Desktop\Projetos\Una\Git_App\app\node_modules\.staging\nan-2faca979
207 verbose tar unpack C:\Users\gui_u\AppData\Roaming\npm-cache\mhash\2.1.4\package.tgz
208 verbose tar unpacking to C:\Users\gui_u\Desktop\Projetos\Una\Git_App\app\node_modules\.staging\mhash-0a39a317
209 silly gentlyRm C:\Users\gui_u\Desktop\Projetos\Una\Git_App\app\node_modules\.staging\mhash-0a39a317 is being purged
210 verbose gentlyRm don't care about contents; nuking C:\Users\gui_u\Desktop\Projetos\Una\Git_App\app\node_modules\.staging\mhash-0a39a317
211 silly gunzTarPerm modes [ '777', '666' ]
212 silly gunzTarPerm modes [ '777', '666' ]
213 silly gunzTarPerm modes [ '777', '666' ]
214 silly gentlyRm C:\Users\gui_u\Desktop\Projetos\Una\Git_App\app\node_modules\.staging\mongodb-32ceea48 is being purged from base C:\Users\gui_u\Desktop\Projetos\Una\Git_App\app
215 verbose gentlyRm don't care about contents; nuking C:\Users\gui_u\Desktop\Projetos\Una\Git_App\app\node_modules\.staging\mongodb-32ceea48
216 verbose tar unpack C:\Users\gui_u\AppData\Roaming\npm-cache\mongodb\2.1.18\package.tgz
217 verbose tar unpacking to C:\Users\gui_u\Desktop\Projetos\Una\Git_App\app\node_modules\.staging\mongodb-32ceea48
218 silly gentlyRm C:\Users\gui_u\Desktop\Projetos\Una\Git_App\app\node_modules\.staging\mongodb-32ceea48 is being purged
219 verbose gentlyRm don't care about contents; nuking C:\Users\gui_u\Desktop\Projetos\Una\Git_App\app\node_modules\.staging\mongodb-32ceea48
220 silly gunzTarPerm modes [ '777', '666' ]
221 silly gunzTarPerm extractEntry package.json
222 silly gunzTarPerm modified mode [ 'package.json', 420, 438 ]
223 silly gunzTarPerm extractEntry package.json
224 silly gunzTarPerm modified mode [ 'package.json', 436, 438 ]
225 silly gunzTarPerm extractEntry package.json
226 silly gunzTarPerm modified mode [ 'package.json', 420, 438 ]
227 silly gunzTarPerm extractEntry package.json
228 silly gunzTarPerm modified mode [ 'package.json', 420, 438 ]
229 silly gunzTarPerm extractEntry README.md
230 silly gunzTarPerm modified mode [ 'README.md', 420, 438 ]
231 silly gunzTarPerm extractEntry bindings.js
232 silly gunzTarPerm modified mode [ 'bindings.js', 420, 438 ]
233 silly gunzTarPerm extractEntry README.md
234 silly gunzTarPerm modified mode [ 'README.md', 436, 438 ]
235 silly gunzTarPerm extractEntry .npmignore
236 silly gunzTarPerm modified mode [ '.npmignore', 420, 438 ]
237 silly gunzTarPerm extractEntry README.md
238 silly gunzTarPerm modified mode [ 'README.md', 420, 438 ]
239 silly gunzTarPerm extractEntry include_dirs.js
240 silly gunzTarPerm modified mode [ 'include_dirs.js', 436, 438 ]
241 silly gunzTarPerm extractEntry LICENSE
242 silly gunzTarPerm modified mode [ 'LICENSE', 420, 438 ]
243 silly gunzTarPerm extractEntry index.js
244 silly gunzTarPerm modified mode [ 'index.js', 420, 438 ]
245 silly gunzTarPerm extractEntry nan_converters.h
246 silly gunzTarPerm modified mode [ 'nan_converters.h', 436, 438 ]
247 silly gunzTarPerm extractEntry LICENSE.md
248 silly gunzTarPerm modified mode [ 'LICENSE.md', 436, 438 ]
249 silly gunzTarPerm extractEntry doc/node_misc.md
250 silly gunzTarPerm modified mode [ 'doc/node_misc.md', 436, 438 ]
251 silly gunzTarPerm extractEntry LICENSE
252 silly gunzTarPerm modified mode [ 'LICENSE', 420, 438 ]
253 silly gunzTarPerm extractEntry index.js
254 silly gunzTarPerm modified mode [ 'index.js', 420, 438 ]
255 silly gunzTarPerm extractEntry test.js
256 silly gunzTarPerm modified mode [ 'test.js', 420, 438 ]
257 silly gunzTarPerm extractEntry test.js
258 silly gunzTarPerm modified mode [ 'test.js', 420, 438 ]
259 silly gunzTarPerm extractEntry binding.gyp
260 silly gunzTarPerm modified mode [ 'binding.gyp', 420, 438 ]
261 silly gunzTarPerm extractEntry doc/asyncworker.md
262 silly gunzTarPerm modified mode [ 'doc/asyncworker.md', 436, 438 ]
263 silly gunzTarPerm extractEntry doc/callback.md
264 silly gunzTarPerm modified mode [ 'doc/callback.md', 436, 438 ]
265 silly gunzTarPerm extractEntry doc/converters.md
266 silly gunzTarPerm modified mode [ 'doc/converters.md', 436, 438 ]
267 silly gunzTarPerm extractEntry doc/errors.md
268 silly gunzTarPerm modified mode [ 'doc/errors.md', 436, 438 ]
269 silly gunzTarPerm extractEntry doc/maybe_types.md
270 silly gunzTarPerm modified mode [ 'doc/maybe_types.md', 436, 438 ]
271 silly gunzTarPerm extractEntry doc/methods.md
272 silly gunzTarPerm modified mode [ 'doc/methods.md', 436, 438 ]
273 silly gunzTarPerm extractEntry doc/new.md
274 silly gunzTarPerm modified mode [ 'doc/new.md', 436, 438 ]
275 silly gentlyRm C:\Users\gui_u\Desktop\Projetos\Una\Git_App\app\node_modules\.staging\bindings-1ee99604\node_modules is being purged
276 verbose gentlyRm don't care about contents; nuking C:\Users\gui_u\Desktop\Projetos\Una\Git_App\app\node_modules\.staging\bindings-1ee99604\node_modules
277 silly gunzTarPerm extractEntry doc/buffers.md
278 silly gunzTarPerm modified mode [ 'doc/buffers.md', 436, 438 ]
279 silly gunzTarPerm extractEntry doc/object_wrappers.md
280 silly gunzTarPerm modified mode [ 'doc/object_wrappers.md', 436, 438 ]
281 silly gunzTarPerm extractEntry Makefile
282 silly gunzTarPerm modified mode [ 'Makefile', 420, 438 ]
283 silly gunzTarPerm extractEntry conf.json
284 silly gunzTarPerm modified mode [ 'conf.json', 420, 438 ]
285 silly gunzTarPerm extractEntry deps/mhash/README
286 silly gunzTarPerm modified mode [ 'deps/mhash/README', 420, 438 ]
287 silly gunzTarPerm extractEntry deps/mhash/config.guess
288 silly gunzTarPerm modified mode [ 'deps/mhash/config.guess', 493, 511 ]
289 silly gunzTarPerm extractEntry doc/persistent.md
290 silly gunzTarPerm modified mode [ 'doc/persistent.md', 436, 438 ]
291 silly gunzTarPerm extractEntry doc/scopes.md
292 silly gunzTarPerm modified mode [ 'doc/scopes.md', 436, 438 ]
293 silly gunzTarPerm extractEntry deps/mhash/CYGWIN-PATCHES/README
294 silly gunzTarPerm modified mode [ 'deps/mhash/CYGWIN-PATCHES/README', 420, 438 ]
295 silly gunzTarPerm extractEntry .coveralls.yml
296 silly gunzTarPerm modified mode [ '.coveralls.yml', 420, 438 ]
297 silly gunzTarPerm extractEntry lib/admin.js
298 silly gunzTarPerm modified mode [ 'lib/admin.js', 420, 438 ]
299 silly gunzTarPerm extractEntry doc/script.md
300 silly gunzTarPerm modified mode [ 'doc/script.md', 436, 438 ]
301 silly gunzTarPerm extractEntry doc/string_bytes.md
302 silly gunzTarPerm modified mode [ 'doc/string_bytes.md', 436, 438 ]
303 silly gunzTarPerm extractEntry deps/mhash/CYGWIN-PATCHES/setup.hint
304 silly gunzTarPerm modified mode [ 'deps/mhash/CYGWIN-PATCHES/setup.hint', 420, 438 ]
305 silly gunzTarPerm extractEntry deps/mhash/ChangeLog
306 silly gunzTarPerm modified mode [ 'deps/mhash/ChangeLog', 420, 438 ]
307 silly gunzTarPerm extractEntry doc/v8_internals.md
308 silly gunzTarPerm modified mode [ 'doc/v8_internals.md', 436, 438 ]
309 silly gunzTarPerm extractEntry doc/v8_misc.md
310 silly gunzTarPerm modified mode [ 'doc/v8_misc.md', 436, 438 ]
311 silly gunzTarPerm extractEntry deps/mhash/INSTALL
312 silly gunzTarPerm modified mode [ 'deps/mhash/INSTALL', 420, 438 ]
313 silly gunzTarPerm extractEntry deps/mhash/Makefile.am
314 silly gunzTarPerm modified mode [ 'deps/mhash/Makefile.am', 420, 438 ]
315 silly gunzTarPerm extractEntry lib/command_cursor.js
316 silly gunzTarPerm modified mode [ 'lib/command_cursor.js', 420, 438 ]
317 silly gunzTarPerm extractEntry lib/cursor.js
318 silly gunzTarPerm modified mode [ 'lib/cursor.js', 420, 438 ]
319 silly gunzTarPerm extractEntry lib/db.js
320 silly gunzTarPerm modified mode [ 'lib/db.js', 420, 438 ]
321 silly gunzTarPerm extractEntry lib/collection.js
322 silly gunzTarPerm modified mode [ 'lib/collection.js', 420, 438 ]
323 silly gunzTarPerm extractEntry nan.h
324 silly gunzTarPerm modified mode [ 'nan.h', 436, 438 ]
325 silly gunzTarPerm extractEntry nan_callbacks.h
326 silly gunzTarPerm modified mode [ 'nan_callbacks.h', 436, 438 ]
327 silly gunzTarPerm extractEntry nan_callbacks_12_inl.h
328 silly gunzTarPerm modified mode [ 'nan_callbacks_12_inl.h', 436, 438 ]
329 silly gunzTarPerm extractEntry nan_callbacks_pre_12_inl.h
330 silly gunzTarPerm modified mode [ 'nan_callbacks_pre_12_inl.h', 436, 438 ]
331 silly gunzTarPerm extractEntry nan_converters_43_inl.h
332 silly gunzTarPerm modified mode [ 'nan_converters_43_inl.h', 436, 438 ]
333 silly gunzTarPerm extractEntry nan_converters_pre_43_inl.h
334 silly gunzTarPerm modified mode [ 'nan_converters_pre_43_inl.h', 436, 438 ]
335 silly gunzTarPerm extractEntry nan_implementation_12_inl.h
336 silly gunzTarPerm modified mode [ 'nan_implementation_12_inl.h', 436, 438 ]
337 silly gunzTarPerm extractEntry nan_implementation_pre_12_inl.h
338 silly gunzTarPerm modified mode [ 'nan_implementation_pre_12_inl.h', 436, 438 ]
339 silly gunzTarPerm extractEntry nan_maybe_43_inl.h
340 silly gunzTarPerm modified mode [ 'nan_maybe_43_inl.h', 436, 438 ]
341 silly gunzTarPerm extractEntry nan_maybe_pre_43_inl.h
342 silly gunzTarPerm modified mode [ 'nan_maybe_pre_43_inl.h', 436, 438 ]
343 silly gunzTarPerm extractEntry nan_new.h
344 silly gunzTarPerm modified mode [ 'nan_new.h', 436, 438 ]
345 silly gunzTarPerm extractEntry nan_object_wrap.h
346 silly gunzTarPerm modified mode [ 'nan_object_wrap.h', 436, 438 ]
347 silly gunzTarPerm extractEntry nan_persistent_12_inl.h
348 silly gunzTarPerm modified mode [ 'nan_persistent_12_inl.h', 436, 438 ]
349 silly gunzTarPerm extractEntry nan_persistent_pre_12_inl.h
350 silly gunzTarPerm modified mode [ 'nan_persistent_pre_12_inl.h', 436, 438 ]
351 silly gunzTarPerm extractEntry nan_string_bytes.h
352 silly gunzTarPerm modified mode [ 'nan_string_bytes.h', 436, 438 ]
353 silly gunzTarPerm extractEntry nan_typedarray_contents.h
354 silly gunzTarPerm modified mode [ 'nan_typedarray_contents.h', 436, 438 ]
355 silly gunzTarPerm extractEntry nan_weak.h
356 silly gunzTarPerm modified mode [ 'nan_weak.h', 436, 438 ]
357 silly gunzTarPerm extractEntry CHANGELOG.md
358 silly gunzTarPerm modified mode [ 'CHANGELOG.md', 436, 438 ]
359 silly gunzTarPerm extractEntry tools/package.json
360 silly gunzTarPerm modified mode [ 'tools/package.json', 436, 438 ]
361 silly gunzTarPerm extractEntry tools/README.md
362 silly gunzTarPerm modified mode [ 'tools/README.md', 436, 438 ]
363 silly gunzTarPerm extractEntry tools/1to2.js
364 silly gunzTarPerm modified mode [ 'tools/1to2.js', 509, 511 ]
365 silly gunzTarPerm extractEntry deps/mhash/Makefile.in
366 silly gunzTarPerm modified mode [ 'deps/mhash/Makefile.in', 420, 438 ]
367 silly gunzTarPerm extractEntry deps/mhash/NEWS
368 silly gunzTarPerm modified mode [ 'deps/mhash/NEWS', 420, 438 ]
369 silly gunzTarPerm extractEntry lib/aggregation_cursor.js
370 silly gunzTarPerm modified mode [ 'lib/aggregation_cursor.js', 420, 438 ]
371 silly gunzTarPerm extractEntry lib/metadata.js
372 silly gunzTarPerm modified mode [ 'lib/metadata.js', 420, 438 ]
373 silly gunzTarPerm extractEntry deps/mhash/AUTHORS
374 silly gunzTarPerm modified mode [ 'deps/mhash/AUTHORS', 420, 438 ]
375 silly gunzTarPerm extractEntry deps/mhash/THANKS
376 silly gunzTarPerm modified mode [ 'deps/mhash/THANKS', 420, 438 ]
377 silly gunzTarPerm extractEntry deps/mhash/TODO
378 silly gunzTarPerm modified mode [ 'deps/mhash/TODO', 420, 438 ]
379 silly gunzTarPerm extractEntry lib/mongo_client.js
380 silly gunzTarPerm modified mode [ 'lib/mongo_client.js', 420, 438 ]
381 silly gunzTarPerm extractEntry lib/mongos.js
382 silly gunzTarPerm modified mode [ 'lib/mongos.js', 420, 438 ]
383 silly gunzTarPerm extractEntry lib/read_preference.js
384 silly gunzTarPerm modified mode [ 'lib/read_preference.js', 420, 438 ]
385 silly gunzTarPerm extractEntry deps/mhash/acinclude.m4
386 silly gunzTarPerm modified mode [ 'deps/mhash/acinclude.m4', 420, 438 ]
387 silly gunzTarPerm extractEntry deps/mhash/aclocal.m4
388 silly gunzTarPerm modified mode [ 'deps/mhash/aclocal.m4', 420, 438 ]
389 silly gunzTarPerm extractEntry lib/url_parser.js
390 silly gunzTarPerm modified mode [ 'lib/url_parser.js', 420, 438 ]
391 silly gunzTarPerm extractEntry deps/mhash/buildconf
392 silly gunzTarPerm modified mode [ 'deps/mhash/buildconf', 493, 511 ]
393 silly gunzTarPerm extractEntry lib/replset.js
394 silly gunzTarPerm modified mode [ 'lib/replset.js', 420, 438 ]
395 silly gunzTarPerm extractEntry lib/apm.js
396 silly gunzTarPerm modified mode [ 'lib/apm.js', 420, 438 ]
397 silly gunzTarPerm extractEntry deps/mhash/changelog-update.sh
398 silly gunzTarPerm modified mode [ 'deps/mhash/changelog-update.sh', 493, 511 ]
399 silly gunzTarPerm extractEntry deps/mhash/COPYING
400 silly gunzTarPerm modified mode [ 'deps/mhash/COPYING', 420, 438 ]
401 silly gunzTarPerm extractEntry lib/server.js
402 silly gunzTarPerm modified mode [ 'lib/server.js', 420, 438 ]
403 silly gunzTarPerm extractEntry lib/topology_base.js
404 silly gunzTarPerm modified mode [ 'lib/topology_base.js', 420, 438 ]
405 silly gunzTarPerm extractEntry lib/utils.js
406 silly gunzTarPerm modified mode [ 'lib/utils.js', 420, 438 ]
407 silly gunzTarPerm extractEntry lib/gridfs/chunk.js
408 silly gunzTarPerm modified mode [ 'lib/gridfs/chunk.js', 420, 438 ]
409 silly gunzTarPerm extractEntry deps/mhash/config.sub
410 silly gunzTarPerm modified mode [ 'deps/mhash/config.sub', 493, 511 ]
411 silly gunzTarPerm extractEntry deps/mhash/configure
412 silly gunzTarPerm modified mode [ 'deps/mhash/configure', 493, 511 ]
413 silly gunzTarPerm extractEntry lib/gridfs/grid_store.js
414 silly gunzTarPerm modified mode [ 'lib/gridfs/grid_store.js', 420, 438 ]
415 silly gunzTarPerm extractEntry lib/bulk/common.js
416 silly gunzTarPerm modified mode [ 'lib/bulk/common.js', 420, 438 ]
417 silly gunzTarPerm extractEntry lib/bulk/ordered.js
418 silly gunzTarPerm modified mode [ 'lib/bulk/ordered.js', 420, 438 ]
419 silly gunzTarPerm extractEntry lib/bulk/unordered.js
420 silly gunzTarPerm modified mode [ 'lib/bulk/unordered.js', 420, 438 ]
421 silly gunzTarPerm extractEntry lib/gridfs-stream/download.js
422 silly gunzTarPerm modified mode [ 'lib/gridfs-stream/download.js', 420, 438 ]
423 silly gunzTarPerm extractEntry lib/gridfs-stream/index.js
424 silly gunzTarPerm modified mode [ 'lib/gridfs-stream/index.js', 420, 438 ]
425 silly gunzTarPerm extractEntry lib/gridfs-stream/upload.js
426 silly gunzTarPerm modified mode [ 'lib/gridfs-stream/upload.js', 420, 438 ]
427 silly gunzTarPerm extractEntry HISTORY.md
428 silly gunzTarPerm modified mode [ 'HISTORY.md', 420, 438 ]
429 silly gunzTarPerm extractEntry deps/mhash/configure.in
430 silly gunzTarPerm modified mode [ 'deps/mhash/configure.in', 420, 438 ]
431 silly gunzTarPerm extractEntry deps/mhash/depcomp
432 silly gunzTarPerm modified mode [ 'deps/mhash/depcomp', 493, 511 ]
433 silly gunzTarPerm extractEntry deps/mhash/doc/.cvsignore
434 silly gunzTarPerm modified mode [ 'deps/mhash/doc/.cvsignore', 420, 438 ]
435 silly gunzTarPerm extractEntry deps/mhash/doc/Makefile.am
436 silly gunzTarPerm modified mode [ 'deps/mhash/doc/Makefile.am', 420, 438 ]
437 silly gunzTarPerm extractEntry deps/mhash/doc/Makefile.in
438 silly gunzTarPerm modified mode [ 'deps/mhash/doc/Makefile.in', 420, 438 ]
439 silly gunzTarPerm extractEntry deps/mhash/doc/example.c
440 silly gunzTarPerm modified mode [ 'deps/mhash/doc/example.c', 420, 438 ]
441 silly gunzTarPerm extractEntry deps/mhash/doc/mhash.3
442 silly gunzTarPerm modified mode [ 'deps/mhash/doc/mhash.3', 420, 438 ]
443 silly gunzTarPerm extractEntry deps/mhash/doc/mhash.pod
444 silly gunzTarPerm modified mode [ 'deps/mhash/doc/mhash.pod', 420, 438 ]
445 silly gunzTarPerm extractEntry deps/mhash/doc/skid2-authentication
446 silly gunzTarPerm modified mode [ 'deps/mhash/doc/skid2-authentication', 420, 438 ]
447 silly gunzTarPerm extractEntry deps/mhash/include/Makefile.am
448 silly gunzTarPerm modified mode [ 'deps/mhash/include/Makefile.am', 420, 438 ]
449 silly gunzTarPerm extractEntry deps/mhash/include/Makefile.in
450 silly gunzTarPerm modified mode [ 'deps/mhash/include/Makefile.in', 420, 438 ]
451 silly gunzTarPerm extractEntry deps/mhash/include/mhash.h
452 silly gunzTarPerm modified mode [ 'deps/mhash/include/mhash.h', 420, 438 ]
453 silly gunzTarPerm extractEntry deps/mhash/include/mutils/mglobal.h
454 silly gunzTarPerm modified mode [ 'deps/mhash/include/mutils/mglobal.h', 420, 438 ]
455 silly gunzTarPerm extractEntry deps/mhash/include/mutils/mhash.h
456 silly gunzTarPerm modified mode [ 'deps/mhash/include/mutils/mhash.h', 420, 438 ]
457 silly gunzTarPerm extractEntry deps/mhash/include/mutils/mhash_config.h.in
458 silly gunzTarPerm modified mode [ 'deps/mhash/include/mutils/mhash_config.h.in', 420, 438 ]
459 silly gunzTarPerm extractEntry deps/mhash/include/mutils/mincludes.h
460 silly gunzTarPerm modified mode [ 'deps/mhash/include/mutils/mincludes.h', 420, 438 ]
461 silly gunzTarPerm extractEntry deps/mhash/include/mutils/mtypes.h
462 silly gunzTarPerm modified mode [ 'deps/mhash/include/mutils/mtypes.h', 420, 438 ]
463 silly gunzTarPerm extractEntry deps/mhash/include/mutils/mutils.h
464 silly gunzTarPerm modified mode [ 'deps/mhash/include/mutils/mutils.h', 420, 438 ]
465 silly gunzTarPerm extractEntry deps/mhash/install-sh
466 silly gunzTarPerm modified mode [ 'deps/mhash/install-sh', 493, 511 ]
467 silly gunzTarPerm extractEntry deps/mhash/lib/mhash_int.h
468 silly gunzTarPerm modified mode [ 'deps/mhash/lib/mhash_int.h', 420, 438 ]
469 silly gunzTarPerm extractEntry deps/mhash/lib/Makefile.am
470 silly gunzTarPerm modified mode [ 'deps/mhash/lib/Makefile.am', 420, 438 ]
471 silly gunzTarPerm extractEntry deps/mhash/lib/adler32.c
472 silly gunzTarPerm modified mode [ 'deps/mhash/lib/adler32.c', 420, 438 ]
473 silly gunzTarPerm extractEntry deps/mhash/lib/crc32.c
474 silly gunzTarPerm modified mode [ 'deps/mhash/lib/crc32.c', 420, 438 ]
475 silly gunzTarPerm extractEntry deps/mhash/lib/gosthash.c
476 silly gunzTarPerm modified mode [ 'deps/mhash/lib/gosthash.c', 420, 438 ]
477 silly gunzTarPerm extractEntry deps/mhash/lib/haval.c
478 silly gunzTarPerm modified mode [ 'deps/mhash/lib/haval.c', 420, 438 ]
479 silly gunzTarPerm extractEntry deps/mhash/lib/keygen.c
480 silly gunzTarPerm modified mode [ 'deps/mhash/lib/keygen.c', 420, 438 ]
481 silly gunzTarPerm extractEntry deps/mhash/lib/keygen.h
482 silly gunzTarPerm modified mode [ 'deps/mhash/lib/keygen.h', 420, 438 ]
483 silly gunzTarPerm extractEntry deps/mhash/lib/keygen_asis.c
484 silly gunzTarPerm modified mode [ 'deps/mhash/lib/keygen_asis.c', 420, 438 ]
485 silly gunzTarPerm extractEntry deps/mhash/lib/keygen_hex.c
486 silly gunzTarPerm modified mode [ 'deps/mhash/lib/keygen_hex.c', 420, 438 ]
487 silly gunzTarPerm extractEntry deps/mhash/lib/keygen_mcrypt.c
488 silly gunzTarPerm modified mode [ 'deps/mhash/lib/keygen_mcrypt.c', 420, 438 ]
489 silly gunzTarPerm extractEntry deps/mhash/lib/keygen_s2k.c
490 silly gunzTarPerm modified mode [ 'deps/mhash/lib/keygen_s2k.c', 420, 438 ]
491 silly gunzTarPerm extractEntry deps/mhash/lib/libdefs.h
492 silly gunzTarPerm modified mode [ 'deps/mhash/lib/libdefs.h', 420, 438 ]
493 silly gunzTarPerm extractEntry deps/mhash/lib/libmhash.sym
494 silly gunzTarPerm modified mode [ 'deps/mhash/lib/libmhash.sym', 420, 438 ]
495 silly gunzTarPerm extractEntry deps/mhash/lib/md2.c
496 silly gunzTarPerm modified mode [ 'deps/mhash/lib/md2.c', 420, 438 ]
497 silly gunzTarPerm extractEntry deps/mhash/lib/md4.c
498 silly gunzTarPerm modified mode [ 'deps/mhash/lib/md4.c', 420, 438 ]
499 silly gunzTarPerm extractEntry deps/mhash/lib/md5.c
500 silly gunzTarPerm modified mode [ 'deps/mhash/lib/md5.c', 420, 438 ]
501 silly gunzTarPerm extractEntry deps/mhash/lib/mhash.c
502 silly gunzTarPerm modified mode [ 'deps/mhash/lib/mhash.c', 420, 438 ]
503 silly gunzTarPerm extractEntry deps/mhash/lib/mhash_adler32.h
504 silly gunzTarPerm modified mode [ 'deps/mhash/lib/mhash_adler32.h', 420, 438 ]
505 silly gunzTarPerm extractEntry deps/mhash/lib/mhash_crc32.h
506 silly gunzTarPerm modified mode [ 'deps/mhash/lib/mhash_crc32.h', 420, 438 ]
507 silly gunzTarPerm extractEntry deps/mhash/lib/mhash_gost.h
508 silly gunzTarPerm modified mode [ 'deps/mhash/lib/mhash_gost.h', 420, 438 ]
509 silly gunzTarPerm extractEntry deps/mhash/lib/mhash_haval.h
510 silly gunzTarPerm modified mode [ 'deps/mhash/lib/mhash_haval.h', 420, 438 ]
511 silly gunzTarPerm extractEntry deps/mhash/lib/Makefile.in
512 silly gunzTarPerm modified mode [ 'deps/mhash/lib/Makefile.in', 420, 438 ]
513 silly gunzTarPerm extractEntry deps/mhash/lib/mhash_md2.h
514 silly gunzTarPerm modified mode [ 'deps/mhash/lib/mhash_md2.h', 420, 438 ]
515 silly gunzTarPerm extractEntry deps/mhash/lib/mhash_md4.h
516 silly gunzTarPerm modified mode [ 'deps/mhash/lib/mhash_md4.h', 420, 438 ]
517 silly gunzTarPerm extractEntry deps/mhash/lib/mhash_md5.h
518 silly gunzTarPerm modified mode [ 'deps/mhash/lib/mhash_md5.h', 420, 438 ]
519 silly gunzTarPerm extractEntry deps/mhash/lib/mhash_ripemd.h
520 silly gunzTarPerm modified mode [ 'deps/mhash/lib/mhash_ripemd.h', 420, 438 ]
521 silly gunzTarPerm extractEntry deps/mhash/lib/mhash_sha1.h
522 silly gunzTarPerm modified mode [ 'deps/mhash/lib/mhash_sha1.h', 420, 438 ]
523 silly gunzTarPerm extractEntry deps/mhash/lib/mhash_sha256.h
524 silly gunzTarPerm modified mode [ 'deps/mhash/lib/mhash_sha256.h', 420, 438 ]
525 silly gunzTarPerm extractEntry deps/mhash/lib/mhash_sha256_sha224.h
526 silly gunzTarPerm modified mode [ 'deps/mhash/lib/mhash_sha256_sha224.h', 420, 438 ]
527 silly gunzTarPerm extractEntry deps/mhash/lib/mhash_sha512_sha384.h
528 silly gunzTarPerm modified mode [ 'deps/mhash/lib/mhash_sha512_sha384.h', 420, 438 ]
529 silly gunzTarPerm extractEntry deps/mhash/lib/mhash_snefru.h
530 silly gunzTarPerm modified mode [ 'deps/mhash/lib/mhash_snefru.h', 420, 438 ]
531 silly gunzTarPerm extractEntry deps/mhash/lib/mhash_tiger.h
532 silly gunzTarPerm modified mode [ 'deps/mhash/lib/mhash_tiger.h', 420, 438 ]
533 silly gunzTarPerm extractEntry deps/mhash/lib/mhash_whirlpool.h
534 silly gunzTarPerm modified mode [ 'deps/mhash/lib/mhash_whirlpool.h', 420, 438 ]
535 silly gunzTarPerm extractEntry deps/mhash/lib/ripemd.c
536 silly gunzTarPerm modified mode [ 'deps/mhash/lib/ripemd.c', 420, 438 ]
537 silly gunzTarPerm extractEntry deps/mhash/lib/sha1.c
538 silly gunzTarPerm modified mode [ 'deps/mhash/lib/sha1.c', 420, 438 ]
539 silly gunzTarPerm extractEntry deps/mhash/lib/sha256.c
540 silly gunzTarPerm modified mode [ 'deps/mhash/lib/sha256.c', 420, 438 ]
541 silly gunzTarPerm extractEntry deps/mhash/lib/sha256_sha224.c
542 silly gunzTarPerm modified mode [ 'deps/mhash/lib/sha256_sha224.c', 420, 438 ]
543 silly gunzTarPerm extractEntry deps/mhash/lib/sha512_sha384.c
544 silly gunzTarPerm modified mode [ 'deps/mhash/lib/sha512_sha384.c', 420, 438 ]
545 silly gunzTarPerm extractEntry deps/mhash/lib/snefru.c
546 silly gunzTarPerm modified mode [ 'deps/mhash/lib/snefru.c', 420, 438 ]
547 silly gunzTarPerm extractEntry deps/mhash/lib/stdfns.c
548 silly gunzTarPerm modified mode [ 'deps/mhash/lib/stdfns.c', 420, 438 ]
549 silly gunzTarPerm extractEntry deps/mhash/lib/tiger.c
550 silly gunzTarPerm modified mode [ 'deps/mhash/lib/tiger.c', 420, 438 ]
551 silly gunzTarPerm extractEntry deps/mhash/lib/tiger_sboxes.c
552 silly gunzTarPerm modified mode [ 'deps/mhash/lib/tiger_sboxes.c', 420, 438 ]
553 silly gunzTarPerm extractEntry deps/mhash/lib/whirlpool.c
554 silly gunzTarPerm modified mode [ 'deps/mhash/lib/whirlpool.c', 420, 438 ]
555 silly gunzTarPerm extractEntry deps/mhash/ltmain.sh
556 silly gunzTarPerm modified mode [ 'deps/mhash/ltmain.sh', 420, 438 ]
557 silly gunzTarPerm extractEntry deps/mhash/mhash-0.9.9/README
558 silly gunzTarPerm modified mode [ 'deps/mhash/mhash-0.9.9/README', 420, 438 ]
559 silly gunzTarPerm extractEntry deps/mhash/mhash-0.9.9/config.guess
560 silly gunzTarPerm modified mode [ 'deps/mhash/mhash-0.9.9/config.guess', 493, 511 ]
561 silly gunzTarPerm extractEntry deps/mhash/mhash-0.9.9/ChangeLog
562 silly gunzTarPerm modified mode [ 'deps/mhash/mhash-0.9.9/ChangeLog', 420, 438 ]
563 silly gunzTarPerm extractEntry deps/mhash/mhash-0.9.9/INSTALL
564 silly gunzTarPerm modified mode [ 'deps/mhash/mhash-0.9.9/INSTALL', 420, 438 ]
565 silly gunzTarPerm extractEntry deps/mhash/mhash-0.9.9/Makefile.am
566 silly gunzTarPerm modified mode [ 'deps/mhash/mhash-0.9.9/Makefile.am', 420, 438 ]
567 silly gunzTarPerm extractEntry deps/mhash/mhash-0.9.9/Makefile.in
568 silly gunzTarPerm modified mode [ 'deps/mhash/mhash-0.9.9/Makefile.in', 420, 438 ]
569 silly gunzTarPerm extractEntry deps/mhash/mhash-0.9.9/NEWS
570 silly gunzTarPerm modified mode [ 'deps/mhash/mhash-0.9.9/NEWS', 420, 438 ]
571 silly gunzTarPerm extractEntry deps/mhash/mhash-0.9.9/AUTHORS
572 silly gunzTarPerm modified mode [ 'deps/mhash/mhash-0.9.9/AUTHORS', 420, 438 ]
573 silly gunzTarPerm extractEntry deps/mhash/mhash-0.9.9/THANKS
574 silly gunzTarPerm modified mode [ 'deps/mhash/mhash-0.9.9/THANKS', 420, 438 ]
575 silly gunzTarPerm extractEntry deps/mhash/mhash-0.9.9/TODO
576 silly gunzTarPerm modified mode [ 'deps/mhash/mhash-0.9.9/TODO', 420, 438 ]
577 silly gunzTarPerm extractEntry deps/mhash/mhash-0.9.9/acinclude.m4
578 silly gunzTarPerm modified mode [ 'deps/mhash/mhash-0.9.9/acinclude.m4', 420, 438 ]
579 silly gunzTarPerm extractEntry deps/mhash/mhash-0.9.9/aclocal.m4
580 silly gunzTarPerm modified mode [ 'deps/mhash/mhash-0.9.9/aclocal.m4', 420, 438 ]
581 silly gunzTarPerm extractEntry deps/mhash/mhash-0.9.9/COPYING
582 silly gunzTarPerm modified mode [ 'deps/mhash/mhash-0.9.9/COPYING', 420, 438 ]
583 silly gunzTarPerm extractEntry deps/mhash/mhash-0.9.9/config.sub
584 silly gunzTarPerm modified mode [ 'deps/mhash/mhash-0.9.9/config.sub', 493, 511 ]
585 silly gunzTarPerm extractEntry deps/mhash/mhash-0.9.9/configure
586 silly gunzTarPerm modified mode [ 'deps/mhash/mhash-0.9.9/configure', 493, 511 ]
587 silly gentlyRm C:\Users\gui_u\Desktop\Projetos\Una\Git_App\app\node_modules\.staging\mongodb-32ceea48\node_modules is being purged
588 verbose gentlyRm don't care about contents; nuking C:\Users\gui_u\Desktop\Projetos\Una\Git_App\app\node_modules\.staging\mongodb-32ceea48\node_modules
589 silly gunzTarPerm extractEntry deps/mhash/mhash-0.9.9/configure.in
590 silly gunzTarPerm modified mode [ 'deps/mhash/mhash-0.9.9/configure.in', 420, 438 ]
591 silly gentlyRm C:\Users\gui_u\Desktop\Projetos\Una\Git_App\app\node_modules\.staging\nan-2faca979\node_modules is being purged
592 verbose gentlyRm don't care about contents; nuking C:\Users\gui_u\Desktop\Projetos\Una\Git_App\app\node_modules\.staging\nan-2faca979\node_modules
593 silly gunzTarPerm extractEntry deps/mhash/mhash-0.9.9/depcomp
594 silly gunzTarPerm modified mode [ 'deps/mhash/mhash-0.9.9/depcomp', 493, 511 ]
595 silly gunzTarPerm extractEntry deps/mhash/mhash-0.9.9/include/Makefile.am
596 silly gunzTarPerm modified mode [ 'deps/mhash/mhash-0.9.9/include/Makefile.am', 420, 438 ]
597 silly gunzTarPerm extractEntry deps/mhash/mhash-0.9.9/include/Makefile.in
598 silly gunzTarPerm modified mode [ 'deps/mhash/mhash-0.9.9/include/Makefile.in', 420, 438 ]
599 silly gunzTarPerm extractEntry deps/mhash/mhash-0.9.9/include/mhash.h
600 silly gunzTarPerm modified mode [ 'deps/mhash/mhash-0.9.9/include/mhash.h', 420, 438 ]
601 silly gunzTarPerm extractEntry deps/mhash/mhash-0.9.9/include/mutils/mglobal.h
602 silly gunzTarPerm modified mode [ 'deps/mhash/mhash-0.9.9/include/mutils/mglobal.h', 420, 438 ]
603 silly gunzTarPerm extractEntry deps/mhash/mhash-0.9.9/include/mutils/mhash.h
604 silly gunzTarPerm modified mode [ 'deps/mhash/mhash-0.9.9/include/mutils/mhash.h', 420, 438 ]
605 silly gunzTarPerm extractEntry deps/mhash/mhash-0.9.9/include/mutils/mhash_config.h
606 silly gunzTarPerm modified mode [ 'deps/mhash/mhash-0.9.9/include/mutils/mhash_config.h',
606 silly gunzTarPerm   420,
606 silly gunzTarPerm   438 ]
607 silly gunzTarPerm extractEntry deps/mhash/mhash-0.9.9/include/mutils/mhash_config.h.in
608 silly gunzTarPerm modified mode [ 'deps/mhash/mhash-0.9.9/include/mutils/mhash_config.h.in',
608 silly gunzTarPerm   420,
608 silly gunzTarPerm   438 ]
609 silly gunzTarPerm extractEntry deps/mhash/mhash-0.9.9/include/mutils/mincludes.h
610 silly gunzTarPerm modified mode [ 'deps/mhash/mhash-0.9.9/include/mutils/mincludes.h', 420, 438 ]
611 silly gunzTarPerm extractEntry deps/mhash/mhash-0.9.9/include/mutils/mtypes.h
612 silly gunzTarPerm modified mode [ 'deps/mhash/mhash-0.9.9/include/mutils/mtypes.h', 420, 438 ]
613 silly gunzTarPerm extractEntry deps/mhash/mhash-0.9.9/include/mutils/mutils.h
614 silly gunzTarPerm modified mode [ 'deps/mhash/mhash-0.9.9/include/mutils/mutils.h', 420, 438 ]
615 silly gunzTarPerm extractEntry deps/mhash/mhash-0.9.9/install-sh
616 silly gunzTarPerm modified mode [ 'deps/mhash/mhash-0.9.9/install-sh', 493, 511 ]
617 silly gunzTarPerm extractEntry deps/mhash/mhash-0.9.9/ltmain.sh
618 silly gunzTarPerm modified mode [ 'deps/mhash/mhash-0.9.9/ltmain.sh', 420, 438 ]
619 silly gunzTarPerm extractEntry deps/mhash/mhash-0.9.9/mhash.spec
620 silly gunzTarPerm modified mode [ 'deps/mhash/mhash-0.9.9/mhash.spec', 420, 438 ]
621 silly gunzTarPerm extractEntry deps/mhash/mhash-0.9.9/mhash.spec.in
622 silly gunzTarPerm modified mode [ 'deps/mhash/mhash-0.9.9/mhash.spec.in', 420, 438 ]
623 silly gunzTarPerm extractEntry deps/mhash/mhash-0.9.9/missing
624 silly gunzTarPerm modified mode [ 'deps/mhash/mhash-0.9.9/missing', 493, 511 ]
625 silly gunzTarPerm extractEntry deps/mhash/mhash.spec.in
626 silly gunzTarPerm modified mode [ 'deps/mhash/mhash.spec.in', 420, 438 ]
627 silly gunzTarPerm extractEntry deps/mhash/missing
628 silly gunzTarPerm modified mode [ 'deps/mhash/missing', 493, 511 ]
629 silly gunzTarPerm extractEntry deps/mhash/src/.cvsignore
630 silly gunzTarPerm modified mode [ 'deps/mhash/src/.cvsignore', 420, 438 ]
631 silly gunzTarPerm extractEntry deps/mhash/src/Makefile.am
632 silly gunzTarPerm modified mode [ 'deps/mhash/src/Makefile.am', 420, 438 ]
633 silly gunzTarPerm extractEntry deps/mhash/src/Makefile.in
634 silly gunzTarPerm modified mode [ 'deps/mhash/src/Makefile.in', 420, 438 ]
635 silly gunzTarPerm extractEntry deps/mhash/src/driver.c
636 silly gunzTarPerm modified mode [ 'deps/mhash/src/driver.c', 420, 438 ]
637 silly gunzTarPerm extractEntry deps/mhash/src/frag_test.c
638 silly gunzTarPerm modified mode [ 'deps/mhash/src/frag_test.c', 420, 438 ]
639 silly gunzTarPerm extractEntry deps/mhash/src/hash_test.sh
640 silly gunzTarPerm modified mode [ 'deps/mhash/src/hash_test.sh', 493, 511 ]
641 silly gunzTarPerm extractEntry deps/mhash/src/hmac_test.c
642 silly gunzTarPerm modified mode [ 'deps/mhash/src/hmac_test.c', 420, 438 ]
643 silly gunzTarPerm extractEntry deps/mhash/src/keygen_test.c
644 silly gunzTarPerm modified mode [ 'deps/mhash/src/keygen_test.c', 420, 438 ]
645 silly gunzTarPerm extractEntry deps/mhash/src/mhash_save_restore_test.c
646 silly gunzTarPerm modified mode [ 'deps/mhash/src/mhash_save_restore_test.c', 420, 438 ]
647 silly gunzTarPerm extractEntry deps/mhash/stamp-h1
648 silly gunzTarPerm modified mode [ 'deps/mhash/stamp-h1', 420, 438 ]
649 silly gunzTarPerm extractEntry deps/mhash/win32/libmhash/libmhash.dsp
650 silly gunzTarPerm modified mode [ 'deps/mhash/win32/libmhash/libmhash.dsp', 420, 438 ]
651 silly gunzTarPerm extractEntry deps/mhash/win32/mhash/mhash.dsp
652 silly gunzTarPerm modified mode [ 'deps/mhash/win32/mhash/mhash.dsp', 420, 438 ]
653 silly gunzTarPerm extractEntry hashtestdata.png
654 silly gunzTarPerm modified mode [ 'hashtestdata.png', 420, 438 ]
655 silly gunzTarPerm extractEntry libmhash-build.sh
656 silly gunzTarPerm modified mode [ 'libmhash-build.sh', 493, 511 ]
657 silly gunzTarPerm extractEntry libmhash-config.sh
658 silly gunzTarPerm modified mode [ 'libmhash-config.sh', 493, 511 ]
659 silly gunzTarPerm extractEntry mhash.cc
660 silly gunzTarPerm modified mode [ 'mhash.cc', 420, 438 ]
661 silly gunzTarPerm extractEntry wscript
662 silly gunzTarPerm modified mode [ 'wscript', 420, 438 ]
663 silly gentlyRm C:\Users\gui_u\Desktop\Projetos\Una\Git_App\app\node_modules\.staging\mhash-0a39a317\node_modules is being purged
664 verbose gentlyRm don't care about contents; nuking C:\Users\gui_u\Desktop\Projetos\Una\Git_App\app\node_modules\.staging\mhash-0a39a317\node_modules
665 silly doParallel preinstall 4
666 silly preinstall bindings@1.2.1 C:\Users\gui_u\Desktop\Projetos\Una\Git_App\app\node_modules\.staging\bindings-1ee99604
667 info lifecycle bindings@1.2.1~preinstall: bindings@1.2.1
668 silly preinstall nan@2.3.5 C:\Users\gui_u\Desktop\Projetos\Una\Git_App\app\node_modules\.staging\nan-2faca979
669 info lifecycle nan@2.3.5~preinstall: nan@2.3.5
670 silly preinstall mhash@2.1.4 C:\Users\gui_u\Desktop\Projetos\Una\Git_App\app\node_modules\.staging\mhash-0a39a317
671 info lifecycle mhash@2.1.4~preinstall: mhash@2.1.4
672 silly preinstall mongodb@2.1.18 C:\Users\gui_u\Desktop\Projetos\Una\Git_App\app\node_modules\.staging\mongodb-32ceea48
673 info lifecycle mongodb@2.1.18~preinstall: mongodb@2.1.18
674 silly lifecycle bindings@1.2.1~preinstall: no script for preinstall, continuing
675 silly lifecycle nan@2.3.5~preinstall: no script for preinstall, continuing
676 silly lifecycle mhash@2.1.4~preinstall: no script for preinstall, continuing
677 silly lifecycle mongodb@2.1.18~preinstall: no script for preinstall, continuing
678 silly doReverseSerial remove 0
679 silly doSerial move 0
680 silly doSerial finalize 4
681 silly finalize C:\Users\gui_u\Desktop\Projetos\Una\Git_App\app\node_modules\bindings
682 silly finalize C:\Users\gui_u\Desktop\Projetos\Una\Git_App\app\node_modules\nan
683 silly finalize C:\Users\gui_u\Desktop\Projetos\Una\Git_App\app\node_modules\mhash
684 silly finalize C:\Users\gui_u\Desktop\Projetos\Una\Git_App\app\node_modules\mongodb
685 silly doSerial build 4
686 silly build bindings@1.2.1
687 info linkStuff bindings@1.2.1
688 silly linkStuff bindings@1.2.1 has C:\Users\gui_u\Desktop\Projetos\Una\Git_App\app\node_modules as its parent node_modules
689 verbose linkBins bindings@1.2.1
690 verbose linkMans bindings@1.2.1
691 silly build nan@2.3.5
692 info linkStuff nan@2.3.5
693 silly linkStuff nan@2.3.5 has C:\Users\gui_u\Desktop\Projetos\Una\Git_App\app\node_modules as its parent node_modules
694 verbose linkBins nan@2.3.5
695 verbose linkMans nan@2.3.5
696 silly build mhash@2.1.4
697 info linkStuff mhash@2.1.4
698 silly linkStuff mhash@2.1.4 has C:\Users\gui_u\Desktop\Projetos\Una\Git_App\app\node_modules as its parent node_modules
699 verbose linkBins mhash@2.1.4
700 verbose linkMans mhash@2.1.4
701 silly build mongodb@2.1.18
702 info linkStuff mongodb@2.1.18
703 silly linkStuff mongodb@2.1.18 has C:\Users\gui_u\Desktop\Projetos\Una\Git_App\app\node_modules as its parent node_modules
704 verbose linkBins mongodb@2.1.18
705 verbose linkMans mongodb@2.1.18
706 silly doSerial global-link 0
707 silly doParallel update-linked 0
708 silly doSerial install 4
709 silly install bindings@1.2.1 C:\Users\gui_u\Desktop\Projetos\Una\Git_App\app\node_modules\.staging\bindings-1ee99604
710 info lifecycle bindings@1.2.1~install: bindings@1.2.1
711 silly lifecycle bindings@1.2.1~install: no script for install, continuing
712 silly install nan@2.3.5 C:\Users\gui_u\Desktop\Projetos\Una\Git_App\app\node_modules\.staging\nan-2faca979
713 info lifecycle nan@2.3.5~install: nan@2.3.5
714 silly lifecycle nan@2.3.5~install: no script for install, continuing
715 silly install mhash@2.1.4 C:\Users\gui_u\Desktop\Projetos\Una\Git_App\app\node_modules\.staging\mhash-0a39a317
716 info lifecycle mhash@2.1.4~install: mhash@2.1.4
717 verbose lifecycle mhash@2.1.4~install: unsafe-perm in lifecycle true
718 verbose lifecycle mhash@2.1.4~install: PATH: C:\Program Files\nodejs\node_modules\npm\bin\node-gyp-bin;C:\Users\gui_u\Desktop\Projetos\Una\Git_App\app\node_modules\mhash\node_modules\.bin;C:\Users\gui_u\Desktop\Projetos\Una\Git_App\app\node_modules\.bin;C:\Users\gui_u\AppData\Roaming\npm;C:\Program Files\nodejs\;C:\ProgramData\Oracle\Java\javapath;C:\WINDOWS\system32;C:\WINDOWS;C:\WINDOWS\System32\Wbem;C:\WINDOWS\System32\WindowsPowerShell\v1.0\;C:\Program Files\Java\jdk1.8.0_60\bin;C:\Users\gui_u\Documents\Arquivos para Phonegap\apache-ant-1.9.6\bin;C:\Users\gui_u\AppData\Local\Android\sdk\tools;C:\Users\gui_u\AppData\Local\Android\sdk\platform-tools;C:\Program Files (x86)\AMD\ATI.ACE\Core-Static;C:\WINDOWS\system32\config\systemprofile\.dnx\bin;C:\Program Files\Microsoft DNX\Dnvm\;C:\Program Files\nodejs\;C:\Program Files\Git\cmd;C:\Program Files (x86)\Skype\Phone\;C:\Program Files (x86)\PuTTY\;C:\Program Files (x86)\Microsoft SQL Server\Client SDK\ODBC\110\Tools\Binn\;C:\Program Files (x86)\Microsoft SQL Server\130\Tools\Binn\;C:\Program Files (x86)\Microsoft SQL Server\130\DTS\Binn\;C:\Program Files (x86)\Microsoft SQL Server\130\Tools\Binn\ManagementStudio\;C:\Ruby21\bin;C:\Users\gui_u\AppData\Roaming\npm;C:\Program Files\MySQL\MySQL Server 5.7\bin;C:\Program Files\MongoDB\Server\3.2\bin
719 verbose lifecycle mhash@2.1.4~install: CWD: C:\Users\gui_u\Desktop\Projetos\Una\Git_App\app\node_modules\mhash
720 silly lifecycle mhash@2.1.4~install: Args: [ '/d /s /c', 'node-gyp rebuild' ]
721 silly lifecycle mhash@2.1.4~install: Returned: code: 1  signal: null
722 info lifecycle mhash@2.1.4~install: Failed to exec install script
723 verbose unlock done using C:\Users\gui_u\AppData\Roaming\npm-cache\_locks\staging-88af8aeda1f68a9b.lock for C:\Users\gui_u\Desktop\Projetos\Una\Git_App\app\node_modules\.staging
724 silly rollbackFailedOptional Starting
725 silly rollbackFailedOptional Finishing
726 silly runTopLevelLifecycles Starting
727 silly runTopLevelLifecycles Finishing
728 silly install printInstalled
729 verbose stack Error: mhash@2.1.4 install: `node-gyp rebuild`
729 verbose stack Exit status 1
729 verbose stack     at EventEmitter.<anonymous> (C:\Program Files\nodejs\node_modules\npm\lib\utils\lifecycle.js:232:16)
729 verbose stack     at emitTwo (events.js:100:13)
729 verbose stack     at EventEmitter.emit (events.js:185:7)
729 verbose stack     at ChildProcess.<anonymous> (C:\Program Files\nodejs\node_modules\npm\lib\utils\spawn.js:24:14)
729 verbose stack     at emitTwo (events.js:100:13)
729 verbose stack     at ChildProcess.emit (events.js:185:7)
729 verbose stack     at maybeClose (internal/child_process.js:827:16)
729 verbose stack     at Process.ChildProcess._handle.onexit (internal/child_process.js:211:5)
730 verbose pkgid mhash@2.1.4
731 verbose cwd C:\Users\gui_u\Desktop\Projetos\Una\Git_App\app
732 error Windows_NT 10.0.10586
733 error argv "C:\\Program Files\\nodejs\\node.exe" "C:\\Program Files\\nodejs\\node_modules\\npm\\bin\\npm-cli.js" "install" "mhash"
734 error node v5.7.0
735 error npm  v3.6.0
736 error code ELIFECYCLE
737 error mhash@2.1.4 install: `node-gyp rebuild`
737 error Exit status 1
738 error Failed at the mhash@2.1.4 install script 'node-gyp rebuild'.
738 error Make sure you have the latest version of node.js and npm installed.
738 error If you do, this is most likely a problem with the mhash package,
738 error not with npm itself.
738 error Tell the author that this fails on your system:
738 error     node-gyp rebuild
738 error You can get information on how to open an issue for this project with:
738 error     npm bugs mhash
738 error Or if that isn't available, you can get their info via:
738 error     npm owner ls mhash
738 error There is likely additional logging output above.
739 verbose exit [ 1, true ]
